CRITICAL - 2020-09-27 13:45:23 --> Invalid file: templates/header.php
#0 /home/admin/web/matichouse.ml/public_html/application/system/View/View.php(228): CodeIgniter\Exceptions\FrameworkException::forInvalidFile('templates/heade...')
#1 /home/admin/web/matichouse.ml/public_html/application/system/Common.php(1119): CodeIgniter\View\View->render('templates/heade...', Array, true)
#2 /home/admin/web/matichouse.ml/public_html/application/app/Controllers/Users.php(42): view('templates/heade...', Array)
#3 /home/admin/web/matichouse.ml/public_html/application/system/CodeIgniter.php(918): App\Controllers\Users->index()
#4 /home/admin/web/matichouse.ml/public_html/application/system/CodeIgniter.php(404): CodeIgniter\CodeIgniter->runController(Object(App\Controllers\Users))
#5 /home/admin/web/matichouse.ml/public_html/application/system/CodeIgniter.php(312): CodeIgniter\CodeIgniter->handleRequest(NULL, Object(Config\Cache), false)
#6 /home/admin/web/matichouse.ml/public_html/application/index.php(45): CodeIgniter\CodeIgniter->run()
#7 {main}
CRITICAL - 2020-09-27 13:49:15 --> Invalid file: templates/header.php
#0 /home/admin/web/matichouse.ml/public_html/application/system/View/View.php(228): CodeIgniter\Exceptions\FrameworkException::forInvalidFile('templates/heade...')
#1 /home/admin/web/matichouse.ml/public_html/application/system/Common.php(1119): CodeIgniter\View\View->render('templates/heade...', Array, true)
#2 /home/admin/web/matichouse.ml/public_html/application/app/Controllers/Users.php(42): view('templates/heade...', Array)
#3 /home/admin/web/matichouse.ml/public_html/application/system/CodeIgniter.php(918): App\Controllers\Users->index()
#4 /home/admin/web/matichouse.ml/public_html/application/system/CodeIgniter.php(404): CodeIgniter\CodeIgniter->runController(Object(App\Controllers\Users))
#5 /home/admin/web/matichouse.ml/public_html/application/system/CodeIgniter.php(312): CodeIgniter\CodeIgniter->handleRequest(NULL, Object(Config\Cache), false)
#6 /home/admin/web/matichouse.ml/public_html/application/index.php(45): CodeIgniter\CodeIgniter->run()
#7 {main}
CRITICAL - 2020-09-27 13:49:20 --> Invalid file: templates/header.php
#0 /home/admin/web/matichouse.ml/public_html/application/system/View/View.php(228): CodeIgniter\Exceptions\FrameworkException::forInvalidFile('templates/heade...')
#1 /home/admin/web/matichouse.ml/public_html/application/system/Common.php(1119): CodeIgniter\View\View->render('templates/heade...', Array, true)
#2 /home/admin/web/matichouse.ml/public_html/application/app/Controllers/Users.php(42): view('templates/heade...', Array)
#3 /home/admin/web/matichouse.ml/public_html/application/system/CodeIgniter.php(918): App\Controllers\Users->index()
#4 /home/admin/web/matichouse.ml/public_html/application/system/CodeIgniter.php(404): CodeIgniter\CodeIgniter->runController(Object(App\Controllers\Users))
#5 /home/admin/web/matichouse.ml/public_html/application/system/CodeIgniter.php(312): CodeIgniter\CodeIgniter->handleRequest(NULL, Object(Config\Cache), false)
#6 /home/admin/web/matichouse.ml/public_html/application/index.php(45): CodeIgniter\CodeIgniter->run()
#7 {main}
CRITICAL - 2020-09-27 13:49:41 --> Invalid file: templates/header.php
#0 /home/admin/web/matichouse.ml/public_html/application/system/View/View.php(228): CodeIgniter\Exceptions\FrameworkException::forInvalidFile('templates/heade...')
#1 /home/admin/web/matichouse.ml/public_html/application/system/Common.php(1119): CodeIgniter\View\View->render('templates/heade...', Array, true)
#2 /home/admin/web/matichouse.ml/public_html/application/app/Controllers/Users.php(42): view('templates/heade...', Array)
#3 /home/admin/web/matichouse.ml/public_html/application/system/CodeIgniter.php(918): App\Controllers\Users->index()
#4 /home/admin/web/matichouse.ml/public_html/application/system/CodeIgniter.php(404): CodeIgniter\CodeIgniter->runController(Object(App\Controllers\Users))
#5 /home/admin/web/matichouse.ml/public_html/application/system/CodeIgniter.php(312): CodeIgniter\CodeIgniter->handleRequest(NULL, Object(Config\Cache), false)
#6 /home/admin/web/matichouse.ml/public_html/application/index.php(45): CodeIgniter\CodeIgniter->run()
#7 {main}
CRITICAL - 2020-09-27 13:52:23 --> syntax error, unexpected end of file, expecting function (T_FUNCTION) or const (T_CONST)
#0 /home/admin/web/matichouse.ml/public_html/application/system/Autoloader/Autoloader.php(296): CodeIgniter\Autoloader\Autoloader->requireFile('/home/admin/web...')
#1 /home/admin/web/matichouse.ml/public_html/application/system/Autoloader/Autoloader.php(258): CodeIgniter\Autoloader\Autoloader->loadInNamespace('App\\Controllers...')
#2 [internal function]: CodeIgniter\Autoloader\Autoloader->loadClass('App\\Controllers...')
#3 [internal function]: spl_autoload_call('App\\Controllers...')
#4 /home/admin/web/matichouse.ml/public_html/application/system/CodeIgniter.php(869): class_exists('\\App\\Controller...', true)
#5 /home/admin/web/matichouse.ml/public_html/application/system/CodeIgniter.php(394): CodeIgniter\CodeIgniter->startController()
#6 /home/admin/web/matichouse.ml/public_html/application/system/CodeIgniter.php(312): CodeIgniter\CodeIgniter->handleRequest(NULL, Object(Config\Cache), false)
#7 /home/admin/web/matichouse.ml/public_html/application/index.php(45): CodeIgniter\CodeIgniter->run()
#8 {main}
CRITICAL - 2020-09-27 13:54:38 --> Invalid file: templates/header.php
#0 /home/admin/web/matichouse.ml/public_html/application/system/View/View.php(228): CodeIgniter\Exceptions\FrameworkException::forInvalidFile('templates/heade...')
#1 /home/admin/web/matichouse.ml/public_html/application/system/Common.php(1119): CodeIgniter\View\View->render('templates/heade...', Array, true)
#2 /home/admin/web/matichouse.ml/public_html/application/app/Controllers/Users.php(42): view('templates/heade...', Array)
#3 /home/admin/web/matichouse.ml/public_html/application/system/CodeIgniter.php(918): App\Controllers\Users->index()
#4 /home/admin/web/matichouse.ml/public_html/application/system/CodeIgniter.php(404): CodeIgniter\CodeIgniter->runController(Object(App\Controllers\Users))
#5 /home/admin/web/matichouse.ml/public_html/application/system/CodeIgniter.php(312): CodeIgniter\CodeIgniter->handleRequest(NULL, Object(Config\Cache), false)
#6 /home/admin/web/matichouse.ml/public_html/application/index.php(45): CodeIgniter\CodeIgniter->run()
#7 {main}
CRITICAL - 2020-09-27 16:14:58 --> Invalid file: Register.php
#0 /home/admin/web/matichouse.ml/public_html/application/system/View/View.php(228): CodeIgniter\Exceptions\FrameworkException::forInvalidFile('Register.php')
#1 /home/admin/web/matichouse.ml/public_html/application/system/Common.php(1119): CodeIgniter\View\View->render('Register', Array, true)
#2 /home/admin/web/matichouse.ml/public_html/application/app/Controllers/Register.php(7): view('Register')
#3 /home/admin/web/matichouse.ml/public_html/application/system/CodeIgniter.php(918): App\Controllers\Register->index()
#4 /home/admin/web/matichouse.ml/public_html/application/system/CodeIgniter.php(404): CodeIgniter\CodeIgniter->runController(Object(App\Controllers\Register))
#5 /home/admin/web/matichouse.ml/public_html/application/system/CodeIgniter.php(312): CodeIgniter\CodeIgniter->handleRequest(NULL, Object(Config\Cache), false)
#6 /home/admin/web/matichouse.ml/public_html/application/index.php(45): CodeIgniter\CodeIgniter->run()
#7 {main}
CRITICAL - 2020-09-27 16:15:46 --> Invalid file: Register.php
#0 /home/admin/web/matichouse.ml/public_html/application/system/View/View.php(228): CodeIgniter\Exceptions\FrameworkException::forInvalidFile('Register.php')
#1 /home/admin/web/matichouse.ml/public_html/application/system/Common.php(1119): CodeIgniter\View\View->render('Register', Array, true)
#2 /home/admin/web/matichouse.ml/public_html/application/app/Controllers/Register.php(7): view('Register')
#3 /home/admin/web/matichouse.ml/public_html/application/system/CodeIgniter.php(918): App\Controllers\Register->index()
#4 /home/admin/web/matichouse.ml/public_html/application/system/CodeIgniter.php(404): CodeIgniter\CodeIgniter->runController(Object(App\Controllers\Register))
#5 /home/admin/web/matichouse.ml/public_html/application/system/CodeIgniter.php(312): CodeIgniter\CodeIgniter->handleRequest(NULL, Object(Config\Cache), false)
#6 /home/admin/web/matichouse.ml/public_html/application/index.php(45): CodeIgniter\CodeIgniter->run()
#7 {main}
CRITICAL - 2020-09-27 16:37:34 --> Call to undefined function set_value()
#0 /home/admin/web/matichouse.ml/public_html/application/system/View/View.php(246): include()
#1 /home/admin/web/matichouse.ml/public_html/application/system/Common.php(1119): CodeIgniter\View\View->render('register', Array, true)
#2 /home/admin/web/matichouse.ml/public_html/application/app/Controllers/Register.php(7): view('register')
#3 /home/admin/web/matichouse.ml/public_html/application/system/CodeIgniter.php(918): App\Controllers\Register->index()
#4 /home/admin/web/matichouse.ml/public_html/application/system/CodeIgniter.php(404): CodeIgniter\CodeIgniter->runController(Object(App\Controllers\Register))
#5 /home/admin/web/matichouse.ml/public_html/application/system/CodeIgniter.php(312): CodeIgniter\CodeIgniter->handleRequest(NULL, Object(Config\Cache), false)
#6 /home/admin/web/matichouse.ml/public_html/application/index.php(45): CodeIgniter\CodeIgniter->run()
#7 {main}
CRITICAL - 2020-09-27 16:51:14 --> Call to undefined function set_value()
#0 /home/admin/web/matichouse.ml/public_html/application/system/View/View.php(246): include()
#1 /home/admin/web/matichouse.ml/public_html/application/system/Common.php(1119): CodeIgniter\View\View->render('register', Array, true)
#2 /home/admin/web/matichouse.ml/public_html/application/app/Controllers/Register.php(7): view('register')
#3 /home/admin/web/matichouse.ml/public_html/application/system/CodeIgniter.php(918): App\Controllers\Register->index()
#4 /home/admin/web/matichouse.ml/public_html/application/system/CodeIgniter.php(404): CodeIgniter\CodeIgniter->runController(Object(App\Controllers\Register))
#5 /home/admin/web/matichouse.ml/public_html/application/system/CodeIgniter.php(312): CodeIgniter\CodeIgniter->handleRequest(NULL, Object(Config\Cache), false)
#6 /home/admin/web/matichouse.ml/public_html/application/index.php(45): CodeIgniter\CodeIgniter->run()
#7 {main}
CRITICAL - 2020-09-27 16:52:22 --> Call to undefined function set_value()
#0 /home/admin/web/matichouse.ml/public_html/application/system/View/View.php(246): include()
#1 /home/admin/web/matichouse.ml/public_html/application/system/Common.php(1119): CodeIgniter\View\View->render('register', Array, true)
#2 /home/admin/web/matichouse.ml/public_html/application/app/Controllers/Register.php(7): view('register')
#3 /home/admin/web/matichouse.ml/public_html/application/system/CodeIgniter.php(918): App\Controllers\Register->index()
#4 /home/admin/web/matichouse.ml/public_html/application/system/CodeIgniter.php(404): CodeIgniter\CodeIgniter->runController(Object(App\Controllers\Register))
#5 /home/admin/web/matichouse.ml/public_html/application/system/CodeIgniter.php(312): CodeIgniter\CodeIgniter->handleRequest(NULL, Object(Config\Cache), false)
#6 /home/admin/web/matichouse.ml/public_html/application/index.php(45): CodeIgniter\CodeIgniter->run()
#7 {main}
CRITICAL - 2020-09-27 16:54:26 --> Call to undefined function set_value()
#0 /home/admin/web/matichouse.ml/public_html/application/system/View/View.php(246): include()
#1 /home/admin/web/matichouse.ml/public_html/application/system/Common.php(1119): CodeIgniter\View\View->render('register', Array, true)
#2 /home/admin/web/matichouse.ml/public_html/application/app/Controllers/Register.php(7): view('register')
#3 /home/admin/web/matichouse.ml/public_html/application/system/CodeIgniter.php(918): App\Controllers\Register->index()
#4 /home/admin/web/matichouse.ml/public_html/application/system/CodeIgniter.php(404): CodeIgniter\CodeIgniter->runController(Object(App\Controllers\Register))
#5 /home/admin/web/matichouse.ml/public_html/application/system/CodeIgniter.php(312): CodeIgniter\CodeIgniter->handleRequest(NULL, Object(Config\Cache), false)
#6 /home/admin/web/matichouse.ml/public_html/application/index.php(45): CodeIgniter\CodeIgniter->run()
#7 {main}
CRITICAL - 2020-09-27 17:00:10 --> Call to undefined function set_value()
#0 /home/admin/web/matichouse.ml/public_html/application/system/View/View.php(246): include()
#1 /home/admin/web/matichouse.ml/public_html/application/system/Common.php(1119): CodeIgniter\View\View->render('register', Array, true)
#2 /home/admin/web/matichouse.ml/public_html/application/app/Controllers/Register.php(7): view('register')
#3 /home/admin/web/matichouse.ml/public_html/application/system/CodeIgniter.php(918): App\Controllers\Register->index()
#4 /home/admin/web/matichouse.ml/public_html/application/system/CodeIgniter.php(404): CodeIgniter\CodeIgniter->runController(Object(App\Controllers\Register))
#5 /home/admin/web/matichouse.ml/public_html/application/system/CodeIgniter.php(312): CodeIgniter\CodeIgniter->handleRequest(NULL, Object(Config\Cache), false)
#6 /home/admin/web/matichouse.ml/public_html/application/index.php(45): CodeIgniter\CodeIgniter->run()
#7 {main}
CRITICAL - 2020-09-27 17:00:23 --> Call to undefined function set_value()
#0 /home/admin/web/matichouse.ml/public_html/application/system/View/View.php(246): include()
#1 /home/admin/web/matichouse.ml/public_html/application/system/Common.php(1119): CodeIgniter\View\View->render('register', Array, true)
#2 /home/admin/web/matichouse.ml/public_html/application/app/Controllers/Register.php(7): view('register')
#3 /home/admin/web/matichouse.ml/public_html/application/system/CodeIgniter.php(918): App\Controllers\Register->index()
#4 /home/admin/web/matichouse.ml/public_html/application/system/CodeIgniter.php(404): CodeIgniter\CodeIgniter->runController(Object(App\Controllers\Register))
#5 /home/admin/web/matichouse.ml/public_html/application/system/CodeIgniter.php(312): CodeIgniter\CodeIgniter->handleRequest(NULL, Object(Config\Cache), false)
#6 /home/admin/web/matichouse.ml/public_html/application/index.php(45): CodeIgniter\CodeIgniter->run()
#7 {main}
CRITICAL - 2020-09-27 17:03:04 --> Call to undefined function set_value()
#0 /home/admin/web/matichouse.ml/public_html/application/system/View/View.php(246): include()
#1 /home/admin/web/matichouse.ml/public_html/application/system/Common.php(1119): CodeIgniter\View\View->render('register', Array, true)
#2 /home/admin/web/matichouse.ml/public_html/application/app/Controllers/Register.php(7): view('register')
#3 /home/admin/web/matichouse.ml/public_html/application/system/CodeIgniter.php(918): App\Controllers\Register->index()
#4 /home/admin/web/matichouse.ml/public_html/application/system/CodeIgniter.php(404): CodeIgniter\CodeIgniter->runController(Object(App\Controllers\Register))
#5 /home/admin/web/matichouse.ml/public_html/application/system/CodeIgniter.php(312): CodeIgniter\CodeIgniter->handleRequest(NULL, Object(Config\Cache), false)
#6 /home/admin/web/matichouse.ml/public_html/application/index.php(45): CodeIgniter\CodeIgniter->run()
#7 {main}
CRITICAL - 2020-09-27 17:03:50 --> Call to undefined function set_value()
#0 /home/admin/web/matichouse.ml/public_html/application/system/View/View.php(246): include()
#1 /home/admin/web/matichouse.ml/public_html/application/system/Common.php(1119): CodeIgniter\View\View->render('register', Array, true)
#2 /home/admin/web/matichouse.ml/public_html/application/app/Controllers/Register.php(7): view('register')
#3 /home/admin/web/matichouse.ml/public_html/application/system/CodeIgniter.php(918): App\Controllers\Register->index()
#4 /home/admin/web/matichouse.ml/public_html/application/system/CodeIgniter.php(404): CodeIgniter\CodeIgniter->runController(Object(App\Controllers\Register))
#5 /home/admin/web/matichouse.ml/public_html/application/system/CodeIgniter.php(312): CodeIgniter\CodeIgniter->handleRequest(NULL, Object(Config\Cache), false)
#6 /home/admin/web/matichouse.ml/public_html/application/index.php(45): CodeIgniter\CodeIgniter->run()
#7 {main}
CRITICAL - 2020-09-27 17:09:40 --> Call to undefined function set_value()
#0 /home/admin/web/matichouse.ml/public_html/application/system/View/View.php(246): include()
#1 /home/admin/web/matichouse.ml/public_html/application/system/Common.php(1119): CodeIgniter\View\View->render('register', Array, true)
#2 /home/admin/web/matichouse.ml/public_html/application/app/Controllers/Register.php(7): view('register')
#3 /home/admin/web/matichouse.ml/public_html/application/system/CodeIgniter.php(918): App\Controllers\Register->index()
#4 /home/admin/web/matichouse.ml/public_html/application/system/CodeIgniter.php(404): CodeIgniter\CodeIgniter->runController(Object(App\Controllers\Register))
#5 /home/admin/web/matichouse.ml/public_html/application/system/CodeIgniter.php(312): CodeIgniter\CodeIgniter->handleRequest(NULL, Object(Config\Cache), false)
#6 /home/admin/web/matichouse.ml/public_html/application/index.php(45): CodeIgniter\CodeIgniter->run()
#7 {main}
CRITICAL - 2020-09-27 17:11:36 --> Call to undefined function set_value()
#0 /home/admin/web/matichouse.ml/public_html/application/system/View/View.php(246): include()
#1 /home/admin/web/matichouse.ml/public_html/application/system/Common.php(1119): CodeIgniter\View\View->render('register', Array, true)
#2 /home/admin/web/matichouse.ml/public_html/application/app/Controllers/Register.php(7): view('register')
#3 /home/admin/web/matichouse.ml/public_html/application/system/CodeIgniter.php(918): App\Controllers\Register->index()
#4 /home/admin/web/matichouse.ml/public_html/application/system/CodeIgniter.php(404): CodeIgniter\CodeIgniter->runController(Object(App\Controllers\Register))
#5 /home/admin/web/matichouse.ml/public_html/application/system/CodeIgniter.php(312): CodeIgniter\CodeIgniter->handleRequest(NULL, Object(Config\Cache), false)
#6 /home/admin/web/matichouse.ml/public_html/application/index.php(45): CodeIgniter\CodeIgniter->run()
#7 {main}
CRITICAL - 2020-09-27 17:11:56 --> Call to undefined function set_value()
#0 /home/admin/web/matichouse.ml/public_html/application/system/View/View.php(246): include()
#1 /home/admin/web/matichouse.ml/public_html/application/system/Common.php(1119): CodeIgniter\View\View->render('register', Array, true)
#2 /home/admin/web/matichouse.ml/public_html/application/app/Controllers/Register.php(7): view('register')
#3 /home/admin/web/matichouse.ml/public_html/application/system/CodeIgniter.php(918): App\Controllers\Register->index()
#4 /home/admin/web/matichouse.ml/public_html/application/system/CodeIgniter.php(404): CodeIgniter\CodeIgniter->runController(Object(App\Controllers\Register))
#5 /home/admin/web/matichouse.ml/public_html/application/system/CodeIgniter.php(312): CodeIgniter\CodeIgniter->handleRequest(NULL, Object(Config\Cache), false)
#6 /home/admin/web/matichouse.ml/public_html/application/index.php(45): CodeIgniter\CodeIgniter->run()
#7 {main}
CRITICAL - 2020-09-27 17:20:44 --> Unable to connect to the database.
#0 /home/admin/web/matichouse.ml/public_html/application/system/Database/BaseConnection.php(646): CodeIgniter\Database\BaseConnection->initialize()
#1 /home/admin/web/matichouse.ml/public_html/application/system/Database/BaseBuilder.php(1860): CodeIgniter\Database\BaseConnection->query('SELECT 1\nFROM `...', Array, false)
#2 /home/admin/web/matichouse.ml/public_html/application/system/Validation/Rules.php(240): CodeIgniter\Database\BaseBuilder->get()
#3 /home/admin/web/matichouse.ml/public_html/application/system/Validation/Validation.php(325): CodeIgniter\Validation\Rules->is_unique('escobar.glen@gm...', 'email', Array, NULL)
#4 /home/admin/web/matichouse.ml/public_html/application/system/Validation/Validation.php(189): CodeIgniter\Validation\Validation->processRules('email', 'email', 'escobar.glen@gm...', Array, Array)
#5 /home/admin/web/matichouse.ml/public_html/application/system/Controller.php(219): CodeIgniter\Validation\Validation->run()
#6 /home/admin/web/matichouse.ml/public_html/application/app/Controllers/Users.php(74): CodeIgniter\Controller->validate(Array)
#7 /home/admin/web/matichouse.ml/public_html/application/system/CodeIgniter.php(918): App\Controllers\Users->register()
#8 /home/admin/web/matichouse.ml/public_html/application/system/CodeIgniter.php(404): CodeIgniter\CodeIgniter->runController(Object(App\Controllers\Users))
#9 /home/admin/web/matichouse.ml/public_html/application/system/CodeIgniter.php(312): CodeIgniter\CodeIgniter->handleRequest(NULL, Object(Config\Cache), false)
#10 /home/admin/web/matichouse.ml/public_html/application/index.php(45): CodeIgniter\CodeIgniter->run()
#11 {main}
CRITICAL - 2020-09-27 17:24:49 --> Unable to connect to the database.
#0 /home/admin/web/matichouse.ml/public_html/application/system/Database/BaseConnection.php(646): CodeIgniter\Database\BaseConnection->initialize()
#1 /home/admin/web/matichouse.ml/public_html/application/system/Database/BaseBuilder.php(1860): CodeIgniter\Database\BaseConnection->query('SELECT 1\nFROM `...', Array, false)
#2 /home/admin/web/matichouse.ml/public_html/application/system/Validation/Rules.php(240): CodeIgniter\Database\BaseBuilder->get()
#3 /home/admin/web/matichouse.ml/public_html/application/system/Validation/Validation.php(325): CodeIgniter\Validation\Rules->is_unique('escobar.glen@gm...', 'email', Array, NULL)
#4 /home/admin/web/matichouse.ml/public_html/application/system/Validation/Validation.php(189): CodeIgniter\Validation\Validation->processRules('email', 'email', 'escobar.glen@gm...', Array, Array)
#5 /home/admin/web/matichouse.ml/public_html/application/system/Controller.php(219): CodeIgniter\Validation\Validation->run()
#6 /home/admin/web/matichouse.ml/public_html/application/app/Controllers/Users.php(74): CodeIgniter\Controller->validate(Array)
#7 /home/admin/web/matichouse.ml/public_html/application/system/CodeIgniter.php(918): App\Controllers\Users->register()
#8 /home/admin/web/matichouse.ml/public_html/application/system/CodeIgniter.php(404): CodeIgniter\CodeIgniter->runController(Object(App\Controllers\Users))
#9 /home/admin/web/matichouse.ml/public_html/application/system/CodeIgniter.php(312): CodeIgniter\CodeIgniter->handleRequest(NULL, Object(Config\Cache), false)
#10 /home/admin/web/matichouse.ml/public_html/application/index.php(45): CodeIgniter\CodeIgniter->run()
#11 {main}
CRITICAL - 2020-09-27 17:25:59 --> Unable to connect to the database.
#0 /home/admin/web/matichouse.ml/public_html/application/system/Database/BaseConnection.php(646): CodeIgniter\Database\BaseConnection->initialize()
#1 /home/admin/web/matichouse.ml/public_html/application/system/Database/BaseBuilder.php(1860): CodeIgniter\Database\BaseConnection->query('SELECT 1\nFROM `...', Array, false)
#2 /home/admin/web/matichouse.ml/public_html/application/system/Validation/Rules.php(240): CodeIgniter\Database\BaseBuilder->get()
#3 /home/admin/web/matichouse.ml/public_html/application/system/Validation/Validation.php(325): CodeIgniter\Validation\Rules->is_unique('escobar.glen@gm...', 'email', Array, NULL)
#4 /home/admin/web/matichouse.ml/public_html/application/system/Validation/Validation.php(189): CodeIgniter\Validation\Validation->processRules('email', 'email', 'escobar.glen@gm...', Array, Array)
#5 /home/admin/web/matichouse.ml/public_html/application/system/Controller.php(219): CodeIgniter\Validation\Validation->run()
#6 /home/admin/web/matichouse.ml/public_html/application/app/Controllers/Users.php(74): CodeIgniter\Controller->validate(Array)
#7 /home/admin/web/matichouse.ml/public_html/application/system/CodeIgniter.php(918): App\Controllers\Users->register()
#8 /home/admin/web/matichouse.ml/public_html/application/system/CodeIgniter.php(404): CodeIgniter\CodeIgniter->runController(Object(App\Controllers\Users))
#9 /home/admin/web/matichouse.ml/public_html/application/system/CodeIgniter.php(312): CodeIgniter\CodeIgniter->handleRequest(NULL, Object(Config\Cache), false)
#10 /home/admin/web/matichouse.ml/public_html/application/index.php(45): CodeIgniter\CodeIgniter->run()
#11 {main}
CRITICAL - 2020-09-27 17:26:17 --> Unable to connect to the database.
#0 /home/admin/web/matichouse.ml/public_html/application/system/Database/BaseConnection.php(646): CodeIgniter\Database\BaseConnection->initialize()
#1 /home/admin/web/matichouse.ml/public_html/application/system/Database/BaseBuilder.php(1860): CodeIgniter\Database\BaseConnection->query('SELECT 1\nFROM `...', Array, false)
#2 /home/admin/web/matichouse.ml/public_html/application/system/Validation/Rules.php(240): CodeIgniter\Database\BaseBuilder->get()
#3 /home/admin/web/matichouse.ml/public_html/application/system/Validation/Validation.php(325): CodeIgniter\Validation\Rules->is_unique('escobar.glen@gm...', 'email', Array, NULL)
#4 /home/admin/web/matichouse.ml/public_html/application/system/Validation/Validation.php(189): CodeIgniter\Validation\Validation->processRules('email', 'email', 'escobar.glen@gm...', Array, Array)
#5 /home/admin/web/matichouse.ml/public_html/application/system/Controller.php(219): CodeIgniter\Validation\Validation->run()
#6 /home/admin/web/matichouse.ml/public_html/application/app/Controllers/Users.php(74): CodeIgniter\Controller->validate(Array)
#7 /home/admin/web/matichouse.ml/public_html/application/system/CodeIgniter.php(918): App\Controllers\Users->register()
#8 /home/admin/web/matichouse.ml/public_html/application/system/CodeIgniter.php(404): CodeIgniter\CodeIgniter->runController(Object(App\Controllers\Users))
#9 /home/admin/web/matichouse.ml/public_html/application/system/CodeIgniter.php(312): CodeIgniter\CodeIgniter->handleRequest(NULL, Object(Config\Cache), false)
#10 /home/admin/web/matichouse.ml/public_html/application/index.php(45): CodeIgniter\CodeIgniter->run()
#11 {main}
CRITICAL - 2020-09-27 17:32:06 --> Unable to connect to the database.
#0 /home/admin/web/matichouse.ml/public_html/application/system/Database/BaseConnection.php(646): CodeIgniter\Database\BaseConnection->initialize()
#1 /home/admin/web/matichouse.ml/public_html/application/system/Database/BaseBuilder.php(1860): CodeIgniter\Database\BaseConnection->query('SELECT 1\nFROM `...', Array, false)
#2 /home/admin/web/matichouse.ml/public_html/application/system/Validation/Rules.php(240): CodeIgniter\Database\BaseBuilder->get()
#3 /home/admin/web/matichouse.ml/public_html/application/system/Validation/Validation.php(325): CodeIgniter\Validation\Rules->is_unique('escobar.glen@gm...', 'email', Array, NULL)
#4 /home/admin/web/matichouse.ml/public_html/application/system/Validation/Validation.php(189): CodeIgniter\Validation\Validation->processRules('email', 'email', 'escobar.glen@gm...', Array, Array)
#5 /home/admin/web/matichouse.ml/public_html/application/system/Controller.php(219): CodeIgniter\Validation\Validation->run()
#6 /home/admin/web/matichouse.ml/public_html/application/app/Controllers/Users.php(74): CodeIgniter\Controller->validate(Array)
#7 /home/admin/web/matichouse.ml/public_html/application/system/CodeIgniter.php(918): App\Controllers\Users->register()
#8 /home/admin/web/matichouse.ml/public_html/application/system/CodeIgniter.php(404): CodeIgniter\CodeIgniter->runController(Object(App\Controllers\Users))
#9 /home/admin/web/matichouse.ml/public_html/application/system/CodeIgniter.php(312): CodeIgniter\CodeIgniter->handleRequest(NULL, Object(Config\Cache), false)
#10 /home/admin/web/matichouse.ml/public_html/application/index.php(45): CodeIgniter\CodeIgniter->run()
#11 {main}
CRITICAL - 2020-09-27 17:35:48 --> Unable to connect to the database.
#0 /home/admin/web/matichouse.ml/public_html/application/system/Database/BaseConnection.php(646): CodeIgniter\Database\BaseConnection->initialize()
#1 /home/admin/web/matichouse.ml/public_html/application/system/Database/BaseBuilder.php(1860): CodeIgniter\Database\BaseConnection->query('SELECT 1\nFROM `...', Array, false)
#2 /home/admin/web/matichouse.ml/public_html/application/system/Validation/Rules.php(240): CodeIgniter\Database\BaseBuilder->get()
#3 /home/admin/web/matichouse.ml/public_html/application/system/Validation/Validation.php(325): CodeIgniter\Validation\Rules->is_unique('escobar.glen@gm...', 'email', Array, NULL)
#4 /home/admin/web/matichouse.ml/public_html/application/system/Validation/Validation.php(189): CodeIgniter\Validation\Validation->processRules('email', 'email', 'escobar.glen@gm...', Array, Array)
#5 /home/admin/web/matichouse.ml/public_html/application/system/Controller.php(219): CodeIgniter\Validation\Validation->run()
#6 /home/admin/web/matichouse.ml/public_html/application/app/Controllers/Users.php(74): CodeIgniter\Controller->validate(Array)
#7 /home/admin/web/matichouse.ml/public_html/application/system/CodeIgniter.php(918): App\Controllers\Users->register()
#8 /home/admin/web/matichouse.ml/public_html/application/system/CodeIgniter.php(404): CodeIgniter\CodeIgniter->runController(Object(App\Controllers\Users))
#9 /home/admin/web/matichouse.ml/public_html/application/system/CodeIgniter.php(312): CodeIgniter\CodeIgniter->handleRequest(NULL, Object(Config\Cache), false)
#10 /home/admin/web/matichouse.ml/public_html/application/index.php(45): CodeIgniter\CodeIgniter->run()
#11 {main}
CRITICAL - 2020-09-27 17:38:38 --> noauth filter must have a matching alias defined.
#0 /home/admin/web/matichouse.ml/public_html/application/system/Filters/Filters.php(324): CodeIgniter\Filters\Exceptions\FilterException::forNoAlias('noauth')
#1 /home/admin/web/matichouse.ml/public_html/application/system/CodeIgniter.php(373): CodeIgniter\Filters\Filters->enableFilter('noauth', 'before')
#2 /home/admin/web/matichouse.ml/public_html/application/system/CodeIgniter.php(312): CodeIgniter\CodeIgniter->handleRequest(NULL, Object(Config\Cache), false)
#3 /home/admin/web/matichouse.ml/public_html/application/index.php(45): CodeIgniter\CodeIgniter->run()
#4 {main}
CRITICAL - 2020-09-27 17:38:41 --> noauth filter must have a matching alias defined.
#0 /home/admin/web/matichouse.ml/public_html/application/system/Filters/Filters.php(324): CodeIgniter\Filters\Exceptions\FilterException::forNoAlias('noauth')
#1 /home/admin/web/matichouse.ml/public_html/application/system/CodeIgniter.php(373): CodeIgniter\Filters\Filters->enableFilter('noauth', 'before')
#2 /home/admin/web/matichouse.ml/public_html/application/system/CodeIgniter.php(312): CodeIgniter\CodeIgniter->handleRequest(NULL, Object(Config\Cache), false)
#3 /home/admin/web/matichouse.ml/public_html/application/index.php(45): CodeIgniter\CodeIgniter->run()
#4 {main}
CRITICAL - 2020-09-27 17:38:44 --> noauth filter must have a matching alias defined.
#0 /home/admin/web/matichouse.ml/public_html/application/system/Filters/Filters.php(324): CodeIgniter\Filters\Exceptions\FilterException::forNoAlias('noauth')
#1 /home/admin/web/matichouse.ml/public_html/application/system/CodeIgniter.php(373): CodeIgniter\Filters\Filters->enableFilter('noauth', 'before')
#2 /home/admin/web/matichouse.ml/public_html/application/system/CodeIgniter.php(312): CodeIgniter\CodeIgniter->handleRequest(NULL, Object(Config\Cache), false)
#3 /home/admin/web/matichouse.ml/public_html/application/index.php(45): CodeIgniter\CodeIgniter->run()
#4 {main}
CRITICAL - 2020-09-27 17:38:49 --> noauth filter must have a matching alias defined.
#0 /home/admin/web/matichouse.ml/public_html/application/system/Filters/Filters.php(324): CodeIgniter\Filters\Exceptions\FilterException::forNoAlias('noauth')
#1 /home/admin/web/matichouse.ml/public_html/application/system/CodeIgniter.php(373): CodeIgniter\Filters\Filters->enableFilter('noauth', 'before')
#2 /home/admin/web/matichouse.ml/public_html/application/system/CodeIgniter.php(312): CodeIgniter\CodeIgniter->handleRequest(NULL, Object(Config\Cache), false)
#3 /home/admin/web/matichouse.ml/public_html/application/index.php(45): CodeIgniter\CodeIgniter->run()
#4 {main}
CRITICAL - 2020-09-27 17:39:07 --> noauth filter must have a matching alias defined.
#0 /home/admin/web/matichouse.ml/public_html/application/system/Filters/Filters.php(324): CodeIgniter\Filters\Exceptions\FilterException::forNoAlias('noauth')
#1 /home/admin/web/matichouse.ml/public_html/application/system/CodeIgniter.php(373): CodeIgniter\Filters\Filters->enableFilter('noauth', 'before')
#2 /home/admin/web/matichouse.ml/public_html/application/system/CodeIgniter.php(312): CodeIgniter\CodeIgniter->handleRequest(NULL, Object(Config\Cache), false)
#3 /home/admin/web/matichouse.ml/public_html/application/index.php(45): CodeIgniter\CodeIgniter->run()
#4 {main}
CRITICAL - 2020-09-27 18:23:44 --> Unable to connect to the database.
#0 /home/admin/web/matichouse.ml/public_html/application/system/Database/BaseConnection.php(646): CodeIgniter\Database\BaseConnection->initialize()
#1 /home/admin/web/matichouse.ml/public_html/application/system/Database/BaseBuilder.php(1860): CodeIgniter\Database\BaseConnection->query('SELECT 1\nFROM `...', Array, false)
#2 /home/admin/web/matichouse.ml/public_html/application/system/Validation/Rules.php(240): CodeIgniter\Database\BaseBuilder->get()
#3 /home/admin/web/matichouse.ml/public_html/application/system/Validation/Validation.php(325): CodeIgniter\Validation\Rules->is_unique('escobar.glen@gm...', 'email', Array, NULL)
#4 /home/admin/web/matichouse.ml/public_html/application/system/Validation/Validation.php(189): CodeIgniter\Validation\Validation->processRules('email', 'email', 'escobar.glen@gm...', Array, Array)
#5 /home/admin/web/matichouse.ml/public_html/application/system/Controller.php(219): CodeIgniter\Validation\Validation->run()
#6 /home/admin/web/matichouse.ml/public_html/application/app/Controllers/Users.php(74): CodeIgniter\Controller->validate(Array)
#7 /home/admin/web/matichouse.ml/public_html/application/system/CodeIgniter.php(918): App\Controllers\Users->register()
#8 /home/admin/web/matichouse.ml/public_html/application/system/CodeIgniter.php(404): CodeIgniter\CodeIgniter->runController(Object(App\Controllers\Users))
#9 /home/admin/web/matichouse.ml/public_html/application/system/CodeIgniter.php(312): CodeIgniter\CodeIgniter->handleRequest(NULL, Object(Config\Cache), false)
#10 /home/admin/web/matichouse.ml/public_html/application/index.php(45): CodeIgniter\CodeIgniter->run()
#11 {main}
CRITICAL - 2020-09-27 18:26:25 --> Unable to connect to the database.
#0 /home/admin/web/matichouse.ml/public_html/application/system/Database/BaseConnection.php(646): CodeIgniter\Database\BaseConnection->initialize()
#1 /home/admin/web/matichouse.ml/public_html/application/system/Database/BaseBuilder.php(1860): CodeIgniter\Database\BaseConnection->query('SELECT 1\nFROM `...', Array, false)
#2 /home/admin/web/matichouse.ml/public_html/application/system/Validation/Rules.php(240): CodeIgniter\Database\BaseBuilder->get()
#3 /home/admin/web/matichouse.ml/public_html/application/system/Validation/Validation.php(325): CodeIgniter\Validation\Rules->is_unique('escobar.glen@gm...', 'email', Array, NULL)
#4 /home/admin/web/matichouse.ml/public_html/application/system/Validation/Validation.php(189): CodeIgniter\Validation\Validation->processRules('email', 'email', 'escobar.glen@gm...', Array, Array)
#5 /home/admin/web/matichouse.ml/public_html/application/system/Controller.php(219): CodeIgniter\Validation\Validation->run()
#6 /home/admin/web/matichouse.ml/public_html/application/app/Controllers/Users.php(74): CodeIgniter\Controller->validate(Array)
#7 /home/admin/web/matichouse.ml/public_html/application/system/CodeIgniter.php(918): App\Controllers\Users->register()
#8 /home/admin/web/matichouse.ml/public_html/application/system/CodeIgniter.php(404): CodeIgniter\CodeIgniter->runController(Object(App\Controllers\Users))
#9 /home/admin/web/matichouse.ml/public_html/application/system/CodeIgniter.php(312): CodeIgniter\CodeIgniter->handleRequest(NULL, Object(Config\Cache), false)
#10 /home/admin/web/matichouse.ml/public_html/application/index.php(45): CodeIgniter\CodeIgniter->run()
#11 {main}
