CRITICAL - 2020-09-25 07:58:36 --> Too few arguments to function App\Controllers\Login::hola(), 0 passed in /home/admin/web/matichouse.ml/public_html/application/system/CodeIgniter.php on line 918 and exactly 2 expected
#0 /home/admin/web/matichouse.ml/public_html/application/system/CodeIgniter.php(918): App\Controllers\Login->hola()
#1 /home/admin/web/matichouse.ml/public_html/application/system/CodeIgniter.php(404): CodeIgniter\CodeIgniter->runController(Object(App\Controllers\Login))
#2 /home/admin/web/matichouse.ml/public_html/application/system/CodeIgniter.php(312): CodeIgniter\CodeIgniter->handleRequest(NULL, Object(Config\Cache), false)
#3 /home/admin/web/matichouse.ml/public_html/application/index.php(45): CodeIgniter\CodeIgniter->run()
#4 {main}
CRITICAL - 2020-09-25 08:36:48 --> syntax error, unexpected 'echo' (T_ECHO), expecting ',' or ';'
#0 /home/admin/web/matichouse.ml/public_html/application/system/Autoloader/Autoloader.php(296): CodeIgniter\Autoloader\Autoloader->requireFile('/home/admin/web...')
#1 /home/admin/web/matichouse.ml/public_html/application/system/Autoloader/Autoloader.php(258): CodeIgniter\Autoloader\Autoloader->loadInNamespace('App\\Controllers...')
#2 [internal function]: CodeIgniter\Autoloader\Autoloader->loadClass('App\\Controllers...')
#3 [internal function]: spl_autoload_call('App\\Controllers...')
#4 /home/admin/web/matichouse.ml/public_html/application/system/CodeIgniter.php(869): class_exists('\\App\\Controller...', true)
#5 /home/admin/web/matichouse.ml/public_html/application/system/CodeIgniter.php(394): CodeIgniter\CodeIgniter->startController()
#6 /home/admin/web/matichouse.ml/public_html/application/system/CodeIgniter.php(312): CodeIgniter\CodeIgniter->handleRequest(NULL, Object(Config\Cache), false)
#7 /home/admin/web/matichouse.ml/public_html/application/index.php(45): CodeIgniter\CodeIgniter->run()
#8 {main}
CRITICAL - 2020-09-25 08:37:36 --> Call to undefined function App\Controllers\hola()
#0 /home/admin/web/matichouse.ml/public_html/application/system/CodeIgniter.php(918): App\Controllers\Login->index()
#1 /home/admin/web/matichouse.ml/public_html/application/system/CodeIgniter.php(404): CodeIgniter\CodeIgniter->runController(Object(App\Controllers\Login))
#2 /home/admin/web/matichouse.ml/public_html/application/system/CodeIgniter.php(312): CodeIgniter\CodeIgniter->handleRequest(NULL, Object(Config\Cache), false)
#3 /home/admin/web/matichouse.ml/public_html/application/index.php(45): CodeIgniter\CodeIgniter->run()
#4 {main}
CRITICAL - 2020-09-25 08:43:41 --> Invalid file: Head.php
#0 /home/admin/web/matichouse.ml/public_html/application/system/View/View.php(228): CodeIgniter\Exceptions\FrameworkException::forInvalidFile('Head.php')
#1 /home/admin/web/matichouse.ml/public_html/application/system/Common.php(1119): CodeIgniter\View\View->render('Head', Array, true)
#2 /home/admin/web/matichouse.ml/public_html/application/app/Controllers/Dashboard.php(7): view('Head')
#3 /home/admin/web/matichouse.ml/public_html/application/system/CodeIgniter.php(918): App\Controllers\Dashboard->index()
#4 /home/admin/web/matichouse.ml/public_html/application/system/CodeIgniter.php(404): CodeIgniter\CodeIgniter->runController(Object(App\Controllers\Dashboard))
#5 /home/admin/web/matichouse.ml/public_html/application/system/CodeIgniter.php(312): CodeIgniter\CodeIgniter->handleRequest(NULL, Object(Config\Cache), false)
#6 /home/admin/web/matichouse.ml/public_html/application/index.php(45): CodeIgniter\CodeIgniter->run()
#7 {main}
CRITICAL - 2020-09-25 08:43:41 --> Invalid file: Head.php
#0 /home/admin/web/matichouse.ml/public_html/application/system/View/View.php(228): CodeIgniter\Exceptions\FrameworkException::forInvalidFile('Head.php')
#1 /home/admin/web/matichouse.ml/public_html/application/system/Common.php(1119): CodeIgniter\View\View->render('Head', Array, true)
#2 /home/admin/web/matichouse.ml/public_html/application/app/Controllers/Dashboard.php(7): view('Head')
#3 /home/admin/web/matichouse.ml/public_html/application/system/CodeIgniter.php(918): App\Controllers\Dashboard->index()
#4 /home/admin/web/matichouse.ml/public_html/application/system/CodeIgniter.php(404): CodeIgniter\CodeIgniter->runController(Object(App\Controllers\Dashboard))
#5 /home/admin/web/matichouse.ml/public_html/application/system/CodeIgniter.php(312): CodeIgniter\CodeIgniter->handleRequest(NULL, Object(Config\Cache), false)
#6 /home/admin/web/matichouse.ml/public_html/application/index.php(45): CodeIgniter\CodeIgniter->run()
#7 {main}
CRITICAL - 2020-09-25 08:43:48 --> Invalid file: Head.php
#0 /home/admin/web/matichouse.ml/public_html/application/system/View/View.php(228): CodeIgniter\Exceptions\FrameworkException::forInvalidFile('Head.php')
#1 /home/admin/web/matichouse.ml/public_html/application/system/Common.php(1119): CodeIgniter\View\View->render('Head', Array, true)
#2 /home/admin/web/matichouse.ml/public_html/application/app/Controllers/Dashboard.php(7): view('Head')
#3 /home/admin/web/matichouse.ml/public_html/application/system/CodeIgniter.php(918): App\Controllers\Dashboard->index()
#4 /home/admin/web/matichouse.ml/public_html/application/system/CodeIgniter.php(404): CodeIgniter\CodeIgniter->runController(Object(App\Controllers\Dashboard))
#5 /home/admin/web/matichouse.ml/public_html/application/system/CodeIgniter.php(312): CodeIgniter\CodeIgniter->handleRequest(NULL, Object(Config\Cache), false)
#6 /home/admin/web/matichouse.ml/public_html/application/index.php(45): CodeIgniter\CodeIgniter->run()
#7 {main}
CRITICAL - 2020-09-25 08:44:18 --> Invalid file: Head.php
#0 /home/admin/web/matichouse.ml/public_html/application/system/View/View.php(228): CodeIgniter\Exceptions\FrameworkException::forInvalidFile('Head.php')
#1 /home/admin/web/matichouse.ml/public_html/application/system/Common.php(1119): CodeIgniter\View\View->render('Head', Array, true)
#2 /home/admin/web/matichouse.ml/public_html/application/app/Controllers/Dashboard.php(7): view('Head')
#3 /home/admin/web/matichouse.ml/public_html/application/system/CodeIgniter.php(918): App\Controllers\Dashboard->index()
#4 /home/admin/web/matichouse.ml/public_html/application/system/CodeIgniter.php(404): CodeIgniter\CodeIgniter->runController(Object(App\Controllers\Dashboard))
#5 /home/admin/web/matichouse.ml/public_html/application/system/CodeIgniter.php(312): CodeIgniter\CodeIgniter->handleRequest(NULL, Object(Config\Cache), false)
#6 /home/admin/web/matichouse.ml/public_html/application/index.php(45): CodeIgniter\CodeIgniter->run()
#7 {main}
CRITICAL - 2020-09-25 08:44:26 --> Invalid file: Head.php
#0 /home/admin/web/matichouse.ml/public_html/application/system/View/View.php(228): CodeIgniter\Exceptions\FrameworkException::forInvalidFile('Head.php')
#1 /home/admin/web/matichouse.ml/public_html/application/system/Common.php(1119): CodeIgniter\View\View->render('Head', Array, true)
#2 /home/admin/web/matichouse.ml/public_html/application/app/Controllers/Dashboard.php(7): view('Head')
#3 /home/admin/web/matichouse.ml/public_html/application/system/CodeIgniter.php(918): App\Controllers\Dashboard->index()
#4 /home/admin/web/matichouse.ml/public_html/application/system/CodeIgniter.php(404): CodeIgniter\CodeIgniter->runController(Object(App\Controllers\Dashboard))
#5 /home/admin/web/matichouse.ml/public_html/application/system/CodeIgniter.php(312): CodeIgniter\CodeIgniter->handleRequest(NULL, Object(Config\Cache), false)
#6 /home/admin/web/matichouse.ml/public_html/application/index.php(45): CodeIgniter\CodeIgniter->run()
#7 {main}
CRITICAL - 2020-09-25 08:44:28 --> Invalid file: Head.php
#0 /home/admin/web/matichouse.ml/public_html/application/system/View/View.php(228): CodeIgniter\Exceptions\FrameworkException::forInvalidFile('Head.php')
#1 /home/admin/web/matichouse.ml/public_html/application/system/Common.php(1119): CodeIgniter\View\View->render('Head', Array, true)
#2 /home/admin/web/matichouse.ml/public_html/application/app/Controllers/Dashboard.php(7): view('Head')
#3 /home/admin/web/matichouse.ml/public_html/application/system/CodeIgniter.php(918): App\Controllers\Dashboard->index()
#4 /home/admin/web/matichouse.ml/public_html/application/system/CodeIgniter.php(404): CodeIgniter\CodeIgniter->runController(Object(App\Controllers\Dashboard))
#5 /home/admin/web/matichouse.ml/public_html/application/system/CodeIgniter.php(312): CodeIgniter\CodeIgniter->handleRequest(NULL, Object(Config\Cache), false)
#6 /home/admin/web/matichouse.ml/public_html/application/index.php(45): CodeIgniter\CodeIgniter->run()
#7 {main}
CRITICAL - 2020-09-25 08:44:32 --> Invalid file: Head.php
#0 /home/admin/web/matichouse.ml/public_html/application/system/View/View.php(228): CodeIgniter\Exceptions\FrameworkException::forInvalidFile('Head.php')
#1 /home/admin/web/matichouse.ml/public_html/application/system/Common.php(1119): CodeIgniter\View\View->render('Head', Array, true)
#2 /home/admin/web/matichouse.ml/public_html/application/app/Controllers/Dashboard.php(7): view('Head')
#3 /home/admin/web/matichouse.ml/public_html/application/system/CodeIgniter.php(918): App\Controllers\Dashboard->index()
#4 /home/admin/web/matichouse.ml/public_html/application/system/CodeIgniter.php(404): CodeIgniter\CodeIgniter->runController(Object(App\Controllers\Dashboard))
#5 /home/admin/web/matichouse.ml/public_html/application/system/CodeIgniter.php(312): CodeIgniter\CodeIgniter->handleRequest(NULL, Object(Config\Cache), false)
#6 /home/admin/web/matichouse.ml/public_html/application/index.php(45): CodeIgniter\CodeIgniter->run()
#7 {main}
CRITICAL - 2020-09-25 08:45:00 --> Invalid file: Head.php
#0 /home/admin/web/matichouse.ml/public_html/application/system/View/View.php(228): CodeIgniter\Exceptions\FrameworkException::forInvalidFile('Head.php')
#1 /home/admin/web/matichouse.ml/public_html/application/system/Common.php(1119): CodeIgniter\View\View->render('Head.php', Array, true)
#2 /home/admin/web/matichouse.ml/public_html/application/app/Controllers/Dashboard.php(7): view('Head.php')
#3 /home/admin/web/matichouse.ml/public_html/application/system/CodeIgniter.php(918): App\Controllers\Dashboard->index()
#4 /home/admin/web/matichouse.ml/public_html/application/system/CodeIgniter.php(404): CodeIgniter\CodeIgniter->runController(Object(App\Controllers\Dashboard))
#5 /home/admin/web/matichouse.ml/public_html/application/system/CodeIgniter.php(312): CodeIgniter\CodeIgniter->handleRequest(NULL, Object(Config\Cache), false)
#6 /home/admin/web/matichouse.ml/public_html/application/index.php(45): CodeIgniter\CodeIgniter->run()
#7 {main}
CRITICAL - 2020-09-25 10:26:29 --> syntax error, unexpected '}', expecting ';'
#0 /home/admin/web/matichouse.ml/public_html/application/system/Router/Router.php(195): CodeIgniter\Router\Router->autoRoute('login/alo')
#1 /home/admin/web/matichouse.ml/public_html/application/system/CodeIgniter.php(793): CodeIgniter\Router\Router->handle('login/alo')
#2 /home/admin/web/matichouse.ml/public_html/application/system/CodeIgniter.php(364): CodeIgniter\CodeIgniter->tryToRouteIt(Object(CodeIgniter\Router\RouteCollection))
#3 /home/admin/web/matichouse.ml/public_html/application/system/CodeIgniter.php(312): CodeIgniter\CodeIgniter->handleRequest(NULL, Object(Config\Cache), false)
#4 /home/admin/web/matichouse.ml/public_html/application/index.php(45): CodeIgniter\CodeIgniter->run()
#5 {main}
CRITICAL - 2020-09-25 10:26:38 --> syntax error, unexpected '}', expecting ';'
#0 /home/admin/web/matichouse.ml/public_html/application/system/Router/Router.php(195): CodeIgniter\Router\Router->autoRoute('login/alo')
#1 /home/admin/web/matichouse.ml/public_html/application/system/CodeIgniter.php(793): CodeIgniter\Router\Router->handle('login/alo')
#2 /home/admin/web/matichouse.ml/public_html/application/system/CodeIgniter.php(364): CodeIgniter\CodeIgniter->tryToRouteIt(Object(CodeIgniter\Router\RouteCollection))
#3 /home/admin/web/matichouse.ml/public_html/application/system/CodeIgniter.php(312): CodeIgniter\CodeIgniter->handleRequest(NULL, Object(Config\Cache), false)
#4 /home/admin/web/matichouse.ml/public_html/application/index.php(45): CodeIgniter\CodeIgniter->run()
#5 {main}
CRITICAL - 2020-09-25 10:26:48 --> syntax error, unexpected '}', expecting ';'
#0 /home/admin/web/matichouse.ml/public_html/application/system/Router/Router.php(195): CodeIgniter\Router\Router->autoRoute('login')
#1 /home/admin/web/matichouse.ml/public_html/application/system/CodeIgniter.php(793): CodeIgniter\Router\Router->handle('login')
#2 /home/admin/web/matichouse.ml/public_html/application/system/CodeIgniter.php(364): CodeIgniter\CodeIgniter->tryToRouteIt(Object(CodeIgniter\Router\RouteCollection))
#3 /home/admin/web/matichouse.ml/public_html/application/system/CodeIgniter.php(312): CodeIgniter\CodeIgniter->handleRequest(NULL, Object(Config\Cache), false)
#4 /home/admin/web/matichouse.ml/public_html/application/index.php(45): CodeIgniter\CodeIgniter->run()
#5 {main}
CRITICAL - 2020-09-25 10:26:49 --> syntax error, unexpected '}', expecting ';'
#0 /home/admin/web/matichouse.ml/public_html/application/system/Router/Router.php(195): CodeIgniter\Router\Router->autoRoute('login')
#1 /home/admin/web/matichouse.ml/public_html/application/system/CodeIgniter.php(793): CodeIgniter\Router\Router->handle('login')
#2 /home/admin/web/matichouse.ml/public_html/application/system/CodeIgniter.php(364): CodeIgniter\CodeIgniter->tryToRouteIt(Object(CodeIgniter\Router\RouteCollection))
#3 /home/admin/web/matichouse.ml/public_html/application/system/CodeIgniter.php(312): CodeIgniter\CodeIgniter->handleRequest(NULL, Object(Config\Cache), false)
#4 /home/admin/web/matichouse.ml/public_html/application/index.php(45): CodeIgniter\CodeIgniter->run()
#5 {main}
CRITICAL - 2020-09-25 10:26:51 --> syntax error, unexpected '}', expecting ';'
#0 /home/admin/web/matichouse.ml/public_html/application/system/Router/Router.php(195): CodeIgniter\Router\Router->autoRoute('login')
#1 /home/admin/web/matichouse.ml/public_html/application/system/CodeIgniter.php(793): CodeIgniter\Router\Router->handle('login')
#2 /home/admin/web/matichouse.ml/public_html/application/system/CodeIgniter.php(364): CodeIgniter\CodeIgniter->tryToRouteIt(Object(CodeIgniter\Router\RouteCollection))
#3 /home/admin/web/matichouse.ml/public_html/application/system/CodeIgniter.php(312): CodeIgniter\CodeIgniter->handleRequest(NULL, Object(Config\Cache), false)
#4 /home/admin/web/matichouse.ml/public_html/application/index.php(45): CodeIgniter\CodeIgniter->run()
#5 {main}
CRITICAL - 2020-09-25 10:26:52 --> syntax error, unexpected '}', expecting ';'
#0 /home/admin/web/matichouse.ml/public_html/application/system/Autoloader/Autoloader.php(296): CodeIgniter\Autoloader\Autoloader->requireFile('/home/admin/web...')
#1 /home/admin/web/matichouse.ml/public_html/application/system/Autoloader/Autoloader.php(258): CodeIgniter\Autoloader\Autoloader->loadInNamespace('App\\Controllers...')
#2 [internal function]: CodeIgniter\Autoloader\Autoloader->loadClass('App\\Controllers...')
#3 [internal function]: spl_autoload_call('App\\Controllers...')
#4 /home/admin/web/matichouse.ml/public_html/application/system/CodeIgniter.php(869): class_exists('\\App\\Controller...', true)
#5 /home/admin/web/matichouse.ml/public_html/application/system/CodeIgniter.php(394): CodeIgniter\CodeIgniter->startController()
#6 /home/admin/web/matichouse.ml/public_html/application/system/CodeIgniter.php(312): CodeIgniter\CodeIgniter->handleRequest(NULL, Object(Config\Cache), false)
#7 /home/admin/web/matichouse.ml/public_html/application/index.php(45): CodeIgniter\CodeIgniter->run()
#8 {main}
CRITICAL - 2020-09-25 10:26:53 --> syntax error, unexpected '}', expecting ';'
#0 /home/admin/web/matichouse.ml/public_html/application/system/Autoloader/Autoloader.php(296): CodeIgniter\Autoloader\Autoloader->requireFile('/home/admin/web...')
#1 /home/admin/web/matichouse.ml/public_html/application/system/Autoloader/Autoloader.php(258): CodeIgniter\Autoloader\Autoloader->loadInNamespace('App\\Controllers...')
#2 [internal function]: CodeIgniter\Autoloader\Autoloader->loadClass('App\\Controllers...')
#3 [internal function]: spl_autoload_call('App\\Controllers...')
#4 /home/admin/web/matichouse.ml/public_html/application/system/CodeIgniter.php(869): class_exists('\\App\\Controller...', true)
#5 /home/admin/web/matichouse.ml/public_html/application/system/CodeIgniter.php(394): CodeIgniter\CodeIgniter->startController()
#6 /home/admin/web/matichouse.ml/public_html/application/system/CodeIgniter.php(312): CodeIgniter\CodeIgniter->handleRequest(NULL, Object(Config\Cache), false)
#7 /home/admin/web/matichouse.ml/public_html/application/index.php(45): CodeIgniter\CodeIgniter->run()
#8 {main}
CRITICAL - 2020-09-25 10:27:18 --> syntax error, unexpected '}', expecting ';'
#0 /home/admin/web/matichouse.ml/public_html/application/system/Autoloader/Autoloader.php(296): CodeIgniter\Autoloader\Autoloader->requireFile('/home/admin/web...')
#1 /home/admin/web/matichouse.ml/public_html/application/system/Autoloader/Autoloader.php(258): CodeIgniter\Autoloader\Autoloader->loadInNamespace('App\\Controllers...')
#2 [internal function]: CodeIgniter\Autoloader\Autoloader->loadClass('App\\Controllers...')
#3 [internal function]: spl_autoload_call('App\\Controllers...')
#4 /home/admin/web/matichouse.ml/public_html/application/system/CodeIgniter.php(869): class_exists('\\App\\Controller...', true)
#5 /home/admin/web/matichouse.ml/public_html/application/system/CodeIgniter.php(394): CodeIgniter\CodeIgniter->startController()
#6 /home/admin/web/matichouse.ml/public_html/application/system/CodeIgniter.php(312): CodeIgniter\CodeIgniter->handleRequest(NULL, Object(Config\Cache), false)
#7 /home/admin/web/matichouse.ml/public_html/application/index.php(45): CodeIgniter\CodeIgniter->run()
#8 {main}
CRITICAL - 2020-09-25 10:27:39 --> syntax error, unexpected '}', expecting ';'
#0 /home/admin/web/matichouse.ml/public_html/application/system/Router/Router.php(195): CodeIgniter\Router\Router->autoRoute('login/alo')
#1 /home/admin/web/matichouse.ml/public_html/application/system/CodeIgniter.php(793): CodeIgniter\Router\Router->handle('login/alo')
#2 /home/admin/web/matichouse.ml/public_html/application/system/CodeIgniter.php(364): CodeIgniter\CodeIgniter->tryToRouteIt(Object(CodeIgniter\Router\RouteCollection))
#3 /home/admin/web/matichouse.ml/public_html/application/system/CodeIgniter.php(312): CodeIgniter\CodeIgniter->handleRequest(NULL, Object(Config\Cache), false)
#4 /home/admin/web/matichouse.ml/public_html/application/index.php(45): CodeIgniter\CodeIgniter->run()
#5 {main}
CRITICAL - 2020-09-25 10:27:41 --> syntax error, unexpected '}', expecting ';'
#0 /home/admin/web/matichouse.ml/public_html/application/system/Router/Router.php(195): CodeIgniter\Router\Router->autoRoute('login/alo')
#1 /home/admin/web/matichouse.ml/public_html/application/system/CodeIgniter.php(793): CodeIgniter\Router\Router->handle('login/alo')
#2 /home/admin/web/matichouse.ml/public_html/application/system/CodeIgniter.php(364): CodeIgniter\CodeIgniter->tryToRouteIt(Object(CodeIgniter\Router\RouteCollection))
#3 /home/admin/web/matichouse.ml/public_html/application/system/CodeIgniter.php(312): CodeIgniter\CodeIgniter->handleRequest(NULL, Object(Config\Cache), false)
#4 /home/admin/web/matichouse.ml/public_html/application/index.php(45): CodeIgniter\CodeIgniter->run()
#5 {main}
CRITICAL - 2020-09-25 12:18:49 --> syntax error, unexpected ';', expecting '{'
#0 /home/admin/web/matichouse.ml/public_html/application/system/Router/Router.php(195): CodeIgniter\Router\Router->autoRoute('users')
#1 /home/admin/web/matichouse.ml/public_html/application/system/CodeIgniter.php(793): CodeIgniter\Router\Router->handle('users')
#2 /home/admin/web/matichouse.ml/public_html/application/system/CodeIgniter.php(364): CodeIgniter\CodeIgniter->tryToRouteIt(Object(CodeIgniter\Router\RouteCollection))
#3 /home/admin/web/matichouse.ml/public_html/application/system/CodeIgniter.php(312): CodeIgniter\CodeIgniter->handleRequest(NULL, Object(Config\Cache), false)
#4 /home/admin/web/matichouse.ml/public_html/application/index.php(45): CodeIgniter\CodeIgniter->run()
#5 {main}
CRITICAL - 2020-09-25 12:23:29 --> Class 'CodeIgniter\model' not found
#0 [internal function]: CodeIgniter\Debug\Exceptions->shutdownHandler()
#1 {main}
CRITICAL - 2020-09-25 12:30:28 --> syntax error, unexpected ','
#0 /home/admin/web/matichouse.ml/public_html/application/system/Router/Router.php(195): CodeIgniter\Router\Router->autoRoute('users')
#1 /home/admin/web/matichouse.ml/public_html/application/system/CodeIgniter.php(793): CodeIgniter\Router\Router->handle('users')
#2 /home/admin/web/matichouse.ml/public_html/application/system/CodeIgniter.php(364): CodeIgniter\CodeIgniter->tryToRouteIt(Object(CodeIgniter\Router\RouteCollection))
#3 /home/admin/web/matichouse.ml/public_html/application/system/CodeIgniter.php(312): CodeIgniter\CodeIgniter->handleRequest(NULL, Object(Config\Cache), false)
#4 /home/admin/web/matichouse.ml/public_html/application/index.php(45): CodeIgniter\CodeIgniter->run()
#5 {main}
CRITICAL - 2020-09-25 12:30:30 --> syntax error, unexpected ','
#0 /home/admin/web/matichouse.ml/public_html/application/system/Router/Router.php(195): CodeIgniter\Router\Router->autoRoute('users')
#1 /home/admin/web/matichouse.ml/public_html/application/system/CodeIgniter.php(793): CodeIgniter\Router\Router->handle('users')
#2 /home/admin/web/matichouse.ml/public_html/application/system/CodeIgniter.php(364): CodeIgniter\CodeIgniter->tryToRouteIt(Object(CodeIgniter\Router\RouteCollection))
#3 /home/admin/web/matichouse.ml/public_html/application/system/CodeIgniter.php(312): CodeIgniter\CodeIgniter->handleRequest(NULL, Object(Config\Cache), false)
#4 /home/admin/web/matichouse.ml/public_html/application/index.php(45): CodeIgniter\CodeIgniter->run()
#5 {main}
CRITICAL - 2020-09-25 12:31:18 --> syntax error, unexpected ','
#0 /home/admin/web/matichouse.ml/public_html/application/system/Router/Router.php(195): CodeIgniter\Router\Router->autoRoute('users')
#1 /home/admin/web/matichouse.ml/public_html/application/system/CodeIgniter.php(793): CodeIgniter\Router\Router->handle('users')
#2 /home/admin/web/matichouse.ml/public_html/application/system/CodeIgniter.php(364): CodeIgniter\CodeIgniter->tryToRouteIt(Object(CodeIgniter\Router\RouteCollection))
#3 /home/admin/web/matichouse.ml/public_html/application/system/CodeIgniter.php(312): CodeIgniter\CodeIgniter->handleRequest(NULL, Object(Config\Cache), false)
#4 /home/admin/web/matichouse.ml/public_html/application/index.php(45): CodeIgniter\CodeIgniter->run()
#5 {main}
CRITICAL - 2020-09-25 12:31:20 --> syntax error, unexpected ','
#0 /home/admin/web/matichouse.ml/public_html/application/system/Router/Router.php(195): CodeIgniter\Router\Router->autoRoute('users')
#1 /home/admin/web/matichouse.ml/public_html/application/system/CodeIgniter.php(793): CodeIgniter\Router\Router->handle('users')
#2 /home/admin/web/matichouse.ml/public_html/application/system/CodeIgniter.php(364): CodeIgniter\CodeIgniter->tryToRouteIt(Object(CodeIgniter\Router\RouteCollection))
#3 /home/admin/web/matichouse.ml/public_html/application/system/CodeIgniter.php(312): CodeIgniter\CodeIgniter->handleRequest(NULL, Object(Config\Cache), false)
#4 /home/admin/web/matichouse.ml/public_html/application/index.php(45): CodeIgniter\CodeIgniter->run()
#5 {main}
CRITICAL - 2020-09-25 12:32:35 --> syntax error, unexpected ','
#0 /home/admin/web/matichouse.ml/public_html/application/system/Router/Router.php(195): CodeIgniter\Router\Router->autoRoute('users')
#1 /home/admin/web/matichouse.ml/public_html/application/system/CodeIgniter.php(793): CodeIgniter\Router\Router->handle('users')
#2 /home/admin/web/matichouse.ml/public_html/application/system/CodeIgniter.php(364): CodeIgniter\CodeIgniter->tryToRouteIt(Object(CodeIgniter\Router\RouteCollection))
#3 /home/admin/web/matichouse.ml/public_html/application/system/CodeIgniter.php(312): CodeIgniter\CodeIgniter->handleRequest(NULL, Object(Config\Cache), false)
#4 /home/admin/web/matichouse.ml/public_html/application/index.php(45): CodeIgniter\CodeIgniter->run()
#5 {main}
CRITICAL - 2020-09-25 12:33:10 --> Class 'CodeIgniter\model' not found
#0 [internal function]: CodeIgniter\Debug\Exceptions->shutdownHandler()
#1 {main}
CRITICAL - 2020-09-25 12:33:45 --> Class 'CodeIgniter\model' not found
#0 [internal function]: CodeIgniter\Debug\Exceptions->shutdownHandler()
#1 {main}
CRITICAL - 2020-09-25 12:34:26 --> Class 'CodeIgniter\model' not found
#0 [internal function]: CodeIgniter\Debug\Exceptions->shutdownHandler()
#1 {main}
CRITICAL - 2020-09-25 12:34:31 --> Class 'CodeIgniter\model' not found
#0 [internal function]: CodeIgniter\Debug\Exceptions->shutdownHandler()
#1 {main}
CRITICAL - 2020-09-25 12:34:32 --> Class 'CodeIgniter\model' not found
#0 [internal function]: CodeIgniter\Debug\Exceptions->shutdownHandler()
#1 {main}
CRITICAL - 2020-09-25 12:37:53 --> Class 'CodeIgniter\model' not found
#0 [internal function]: CodeIgniter\Debug\Exceptions->shutdownHandler()
#1 {main}
CRITICAL - 2020-09-25 12:39:42 --> Class 'CodeIgniter\model' not found
#0 [internal function]: CodeIgniter\Debug\Exceptions->shutdownHandler()
#1 {main}
CRITICAL - 2020-09-25 12:39:43 --> Class 'CodeIgniter\model' not found
#0 [internal function]: CodeIgniter\Debug\Exceptions->shutdownHandler()
#1 {main}
CRITICAL - 2020-09-25 12:39:45 --> Class 'CodeIgniter\model' not found
#0 [internal function]: CodeIgniter\Debug\Exceptions->shutdownHandler()
#1 {main}
CRITICAL - 2020-09-25 12:41:02 --> Class 'CodeIgniter\model' not found
#0 [internal function]: CodeIgniter\Debug\Exceptions->shutdownHandler()
#1 {main}
CRITICAL - 2020-09-25 12:42:47 --> Call to undefined method app\Models\UsersModel::inset
#0 /home/admin/web/matichouse.ml/public_html/application/app/Controllers/Users.php(13): CodeIgniter\Model->__call('inset', Array)
#1 /home/admin/web/matichouse.ml/public_html/application/system/CodeIgniter.php(918): App\Controllers\Users->index()
#2 /home/admin/web/matichouse.ml/public_html/application/system/CodeIgniter.php(404): CodeIgniter\CodeIgniter->runController(Object(App\Controllers\Users))
#3 /home/admin/web/matichouse.ml/public_html/application/system/CodeIgniter.php(312): CodeIgniter\CodeIgniter->handleRequest(NULL, Object(Config\Cache), false)
#4 /home/admin/web/matichouse.ml/public_html/application/index.php(45): CodeIgniter\CodeIgniter->run()
#5 {main}
CRITICAL - 2020-09-25 12:42:49 --> Call to undefined method app\Models\UsersModel::inset
#0 /home/admin/web/matichouse.ml/public_html/application/app/Controllers/Users.php(13): CodeIgniter\Model->__call('inset', Array)
#1 /home/admin/web/matichouse.ml/public_html/application/system/CodeIgniter.php(918): App\Controllers\Users->index()
#2 /home/admin/web/matichouse.ml/public_html/application/system/CodeIgniter.php(404): CodeIgniter\CodeIgniter->runController(Object(App\Controllers\Users))
#3 /home/admin/web/matichouse.ml/public_html/application/system/CodeIgniter.php(312): CodeIgniter\CodeIgniter->handleRequest(NULL, Object(Config\Cache), false)
#4 /home/admin/web/matichouse.ml/public_html/application/index.php(45): CodeIgniter\CodeIgniter->run()
#5 {main}
CRITICAL - 2020-09-25 12:45:07 --> Call to undefined method app\Models\UsersModel::inset
#0 /home/admin/web/matichouse.ml/public_html/application/app/Controllers/Users.php(13): CodeIgniter\Model->__call('inset', Array)
#1 /home/admin/web/matichouse.ml/public_html/application/system/CodeIgniter.php(918): App\Controllers\Users->index()
#2 /home/admin/web/matichouse.ml/public_html/application/system/CodeIgniter.php(404): CodeIgniter\CodeIgniter->runController(Object(App\Controllers\Users))
#3 /home/admin/web/matichouse.ml/public_html/application/system/CodeIgniter.php(312): CodeIgniter\CodeIgniter->handleRequest(NULL, Object(Config\Cache), false)
#4 /home/admin/web/matichouse.ml/public_html/application/index.php(45): CodeIgniter\CodeIgniter->run()
#5 {main}
CRITICAL - 2020-09-25 12:45:10 --> Call to undefined method app\Models\UsersModel::inset
#0 /home/admin/web/matichouse.ml/public_html/application/app/Controllers/Users.php(13): CodeIgniter\Model->__call('inset', Array)
#1 /home/admin/web/matichouse.ml/public_html/application/system/CodeIgniter.php(918): App\Controllers\Users->index()
#2 /home/admin/web/matichouse.ml/public_html/application/system/CodeIgniter.php(404): CodeIgniter\CodeIgniter->runController(Object(App\Controllers\Users))
#3 /home/admin/web/matichouse.ml/public_html/application/system/CodeIgniter.php(312): CodeIgniter\CodeIgniter->handleRequest(NULL, Object(Config\Cache), false)
#4 /home/admin/web/matichouse.ml/public_html/application/index.php(45): CodeIgniter\CodeIgniter->run()
#5 {main}
CRITICAL - 2020-09-25 12:45:15 --> Call to undefined method app\Models\UsersModel::inset
#0 /home/admin/web/matichouse.ml/public_html/application/app/Controllers/Users.php(13): CodeIgniter\Model->__call('inset', Array)
#1 /home/admin/web/matichouse.ml/public_html/application/system/CodeIgniter.php(918): App\Controllers\Users->index()
#2 /home/admin/web/matichouse.ml/public_html/application/system/CodeIgniter.php(404): CodeIgniter\CodeIgniter->runController(Object(App\Controllers\Users))
#3 /home/admin/web/matichouse.ml/public_html/application/system/CodeIgniter.php(312): CodeIgniter\CodeIgniter->handleRequest(NULL, Object(Config\Cache), false)
#4 /home/admin/web/matichouse.ml/public_html/application/index.php(45): CodeIgniter\CodeIgniter->run()
#5 {main}
CRITICAL - 2020-09-25 12:45:20 --> Call to undefined method app\Models\UsersModel::inset
#0 /home/admin/web/matichouse.ml/public_html/application/app/Controllers/Users.php(13): CodeIgniter\Model->__call('inset', Array)
#1 /home/admin/web/matichouse.ml/public_html/application/system/CodeIgniter.php(918): App\Controllers\Users->index()
#2 /home/admin/web/matichouse.ml/public_html/application/system/CodeIgniter.php(404): CodeIgniter\CodeIgniter->runController(Object(App\Controllers\Users))
#3 /home/admin/web/matichouse.ml/public_html/application/system/CodeIgniter.php(312): CodeIgniter\CodeIgniter->handleRequest(NULL, Object(Config\Cache), false)
#4 /home/admin/web/matichouse.ml/public_html/application/index.php(45): CodeIgniter\CodeIgniter->run()
#5 {main}
CRITICAL - 2020-09-25 12:45:21 --> Call to undefined method app\Models\UsersModel::inset
#0 /home/admin/web/matichouse.ml/public_html/application/app/Controllers/Users.php(13): CodeIgniter\Model->__call('inset', Array)
#1 /home/admin/web/matichouse.ml/public_html/application/system/CodeIgniter.php(918): App\Controllers\Users->index()
#2 /home/admin/web/matichouse.ml/public_html/application/system/CodeIgniter.php(404): CodeIgniter\CodeIgniter->runController(Object(App\Controllers\Users))
#3 /home/admin/web/matichouse.ml/public_html/application/system/CodeIgniter.php(312): CodeIgniter\CodeIgniter->handleRequest(NULL, Object(Config\Cache), false)
#4 /home/admin/web/matichouse.ml/public_html/application/index.php(45): CodeIgniter\CodeIgniter->run()
#5 {main}
CRITICAL - 2020-09-25 12:45:43 --> Call to undefined method app\Models\UsersModel::inset
#0 /home/admin/web/matichouse.ml/public_html/application/app/Controllers/Users.php(13): CodeIgniter\Model->__call('inset', Array)
#1 /home/admin/web/matichouse.ml/public_html/application/system/CodeIgniter.php(918): App\Controllers\Users->index()
#2 /home/admin/web/matichouse.ml/public_html/application/system/CodeIgniter.php(404): CodeIgniter\CodeIgniter->runController(Object(App\Controllers\Users))
#3 /home/admin/web/matichouse.ml/public_html/application/system/CodeIgniter.php(312): CodeIgniter\CodeIgniter->handleRequest(NULL, Object(Config\Cache), false)
#4 /home/admin/web/matichouse.ml/public_html/application/index.php(45): CodeIgniter\CodeIgniter->run()
#5 {main}
CRITICAL - 2020-09-25 12:49:21 --> Call to undefined method app\Models\UsersModel::inset
#0 /home/admin/web/matichouse.ml/public_html/application/app/Controllers/Users.php(13): CodeIgniter\Model->__call('inset', Array)
#1 /home/admin/web/matichouse.ml/public_html/application/system/CodeIgniter.php(918): App\Controllers\Users->index()
#2 /home/admin/web/matichouse.ml/public_html/application/system/CodeIgniter.php(404): CodeIgniter\CodeIgniter->runController(Object(App\Controllers\Users))
#3 /home/admin/web/matichouse.ml/public_html/application/system/CodeIgniter.php(312): CodeIgniter\CodeIgniter->handleRequest(NULL, Object(Config\Cache), false)
#4 /home/admin/web/matichouse.ml/public_html/application/index.php(45): CodeIgniter\CodeIgniter->run()
#5 {main}
CRITICAL - 2020-09-25 12:53:49 --> Call to undefined method app\Models\UsersModel::inset
#0 /home/admin/web/matichouse.ml/public_html/application/app/Controllers/Users.php(13): CodeIgniter\Model->__call('inset', Array)
#1 /home/admin/web/matichouse.ml/public_html/application/system/CodeIgniter.php(918): App\Controllers\Users->index()
#2 /home/admin/web/matichouse.ml/public_html/application/system/CodeIgniter.php(404): CodeIgniter\CodeIgniter->runController(Object(App\Controllers\Users))
#3 /home/admin/web/matichouse.ml/public_html/application/system/CodeIgniter.php(312): CodeIgniter\CodeIgniter->handleRequest(NULL, Object(Config\Cache), false)
#4 /home/admin/web/matichouse.ml/public_html/application/index.php(45): CodeIgniter\CodeIgniter->run()
#5 {main}
CRITICAL - 2020-09-25 14:02:05 --> Call to undefined method app\Models\UsersModel::inset
#0 /home/admin/web/matichouse.ml/public_html/application/app/Controllers/Users.php(13): CodeIgniter\Model->__call('inset', Array)
#1 /home/admin/web/matichouse.ml/public_html/application/system/CodeIgniter.php(918): App\Controllers\Users->index()
#2 /home/admin/web/matichouse.ml/public_html/application/system/CodeIgniter.php(404): CodeIgniter\CodeIgniter->runController(Object(App\Controllers\Users))
#3 /home/admin/web/matichouse.ml/public_html/application/system/CodeIgniter.php(312): CodeIgniter\CodeIgniter->handleRequest(NULL, Object(Config\Cache), false)
#4 /home/admin/web/matichouse.ml/public_html/application/index.php(45): CodeIgniter\CodeIgniter->run()
#5 {main}
CRITICAL - 2020-09-25 14:05:33 --> Call to undefined method app\Models\UsersModel::inset
#0 /home/admin/web/matichouse.ml/public_html/application/app/Controllers/Users.php(13): CodeIgniter\Model->__call('inset', Array)
#1 /home/admin/web/matichouse.ml/public_html/application/system/CodeIgniter.php(918): App\Controllers\Users->index()
#2 /home/admin/web/matichouse.ml/public_html/application/system/CodeIgniter.php(404): CodeIgniter\CodeIgniter->runController(Object(App\Controllers\Users))
#3 /home/admin/web/matichouse.ml/public_html/application/system/CodeIgniter.php(312): CodeIgniter\CodeIgniter->handleRequest(NULL, Object(Config\Cache), false)
#4 /home/admin/web/matichouse.ml/public_html/application/index.php(45): CodeIgniter\CodeIgniter->run()
#5 {main}
CRITICAL - 2020-09-25 14:06:01 --> Call to undefined method app\Models\UsersModel::inset
#0 /home/admin/web/matichouse.ml/public_html/application/app/Controllers/Users.php(13): CodeIgniter\Model->__call('inset', Array)
#1 /home/admin/web/matichouse.ml/public_html/application/system/CodeIgniter.php(918): App\Controllers\Users->index()
#2 /home/admin/web/matichouse.ml/public_html/application/system/CodeIgniter.php(404): CodeIgniter\CodeIgniter->runController(Object(App\Controllers\Users))
#3 /home/admin/web/matichouse.ml/public_html/application/system/CodeIgniter.php(312): CodeIgniter\CodeIgniter->handleRequest(NULL, Object(Config\Cache), false)
#4 /home/admin/web/matichouse.ml/public_html/application/index.php(45): CodeIgniter\CodeIgniter->run()
#5 {main}
CRITICAL - 2020-09-25 14:06:03 --> Call to undefined method app\Models\UsersModel::inset
#0 /home/admin/web/matichouse.ml/public_html/application/app/Controllers/Users.php(13): CodeIgniter\Model->__call('inset', Array)
#1 /home/admin/web/matichouse.ml/public_html/application/system/CodeIgniter.php(918): App\Controllers\Users->index()
#2 /home/admin/web/matichouse.ml/public_html/application/system/CodeIgniter.php(404): CodeIgniter\CodeIgniter->runController(Object(App\Controllers\Users))
#3 /home/admin/web/matichouse.ml/public_html/application/system/CodeIgniter.php(312): CodeIgniter\CodeIgniter->handleRequest(NULL, Object(Config\Cache), false)
#4 /home/admin/web/matichouse.ml/public_html/application/index.php(45): CodeIgniter\CodeIgniter->run()
#5 {main}
CRITICAL - 2020-09-25 14:06:03 --> Call to undefined method app\Models\UsersModel::inset
#0 /home/admin/web/matichouse.ml/public_html/application/app/Controllers/Users.php(13): CodeIgniter\Model->__call('inset', Array)
#1 /home/admin/web/matichouse.ml/public_html/application/system/CodeIgniter.php(918): App\Controllers\Users->index()
#2 /home/admin/web/matichouse.ml/public_html/application/system/CodeIgniter.php(404): CodeIgniter\CodeIgniter->runController(Object(App\Controllers\Users))
#3 /home/admin/web/matichouse.ml/public_html/application/system/CodeIgniter.php(312): CodeIgniter\CodeIgniter->handleRequest(NULL, Object(Config\Cache), false)
#4 /home/admin/web/matichouse.ml/public_html/application/index.php(45): CodeIgniter\CodeIgniter->run()
#5 {main}
CRITICAL - 2020-09-25 14:09:27 --> Call to undefined method app\Models\UsersModel::inset
#0 /home/admin/web/matichouse.ml/public_html/application/app/Controllers/Users.php(13): CodeIgniter\Model->__call('inset', Array)
#1 /home/admin/web/matichouse.ml/public_html/application/system/CodeIgniter.php(918): App\Controllers\Users->index()
#2 /home/admin/web/matichouse.ml/public_html/application/system/CodeIgniter.php(404): CodeIgniter\CodeIgniter->runController(Object(App\Controllers\Users))
#3 /home/admin/web/matichouse.ml/public_html/application/system/CodeIgniter.php(312): CodeIgniter\CodeIgniter->handleRequest(NULL, Object(Config\Cache), false)
#4 /home/admin/web/matichouse.ml/public_html/application/index.php(45): CodeIgniter\CodeIgniter->run()
#5 {main}
CRITICAL - 2020-09-25 14:23:20 --> Call to undefined method app\Models\UsersModel::inset
#0 /home/admin/web/matichouse.ml/public_html/application/app/Controllers/Users.php(13): CodeIgniter\Model->__call('inset', Array)
#1 /home/admin/web/matichouse.ml/public_html/application/system/CodeIgniter.php(918): App\Controllers\Users->index()
#2 /home/admin/web/matichouse.ml/public_html/application/system/CodeIgniter.php(404): CodeIgniter\CodeIgniter->runController(Object(App\Controllers\Users))
#3 /home/admin/web/matichouse.ml/public_html/application/system/CodeIgniter.php(312): CodeIgniter\CodeIgniter->handleRequest(NULL, Object(Config\Cache), false)
#4 /home/admin/web/matichouse.ml/public_html/application/index.php(45): CodeIgniter\CodeIgniter->run()
#5 {main}
CRITICAL - 2020-09-25 14:23:21 --> Call to undefined method app\Models\UsersModel::inset
#0 /home/admin/web/matichouse.ml/public_html/application/app/Controllers/Users.php(13): CodeIgniter\Model->__call('inset', Array)
#1 /home/admin/web/matichouse.ml/public_html/application/system/CodeIgniter.php(918): App\Controllers\Users->index()
#2 /home/admin/web/matichouse.ml/public_html/application/system/CodeIgniter.php(404): CodeIgniter\CodeIgniter->runController(Object(App\Controllers\Users))
#3 /home/admin/web/matichouse.ml/public_html/application/system/CodeIgniter.php(312): CodeIgniter\CodeIgniter->handleRequest(NULL, Object(Config\Cache), false)
#4 /home/admin/web/matichouse.ml/public_html/application/index.php(45): CodeIgniter\CodeIgniter->run()
#5 {main}
CRITICAL - 2020-09-25 14:27:20 --> Call to undefined method app\Models\UsersModel::inset
#0 /home/admin/web/matichouse.ml/public_html/application/app/Controllers/Users.php(13): CodeIgniter\Model->__call('inset', Array)
#1 /home/admin/web/matichouse.ml/public_html/application/system/CodeIgniter.php(918): App\Controllers\Users->index()
#2 /home/admin/web/matichouse.ml/public_html/application/system/CodeIgniter.php(404): CodeIgniter\CodeIgniter->runController(Object(App\Controllers\Users))
#3 /home/admin/web/matichouse.ml/public_html/application/system/CodeIgniter.php(312): CodeIgniter\CodeIgniter->handleRequest(NULL, Object(Config\Cache), false)
#4 /home/admin/web/matichouse.ml/public_html/application/index.php(45): CodeIgniter\CodeIgniter->run()
#5 {main}
CRITICAL - 2020-09-25 14:34:29 --> Call to undefined method app\Models\UsersModel::inset
#0 /home/admin/web/matichouse.ml/public_html/application/app/Controllers/Users.php(13): CodeIgniter\Model->__call('inset', Array)
#1 /home/admin/web/matichouse.ml/public_html/application/system/CodeIgniter.php(918): App\Controllers\Users->index()
#2 /home/admin/web/matichouse.ml/public_html/application/system/CodeIgniter.php(404): CodeIgniter\CodeIgniter->runController(Object(App\Controllers\Users))
#3 /home/admin/web/matichouse.ml/public_html/application/system/CodeIgniter.php(312): CodeIgniter\CodeIgniter->handleRequest(NULL, Object(Config\Cache), false)
#4 /home/admin/web/matichouse.ml/public_html/application/index.php(45): CodeIgniter\CodeIgniter->run()
#5 {main}
CRITICAL - 2020-09-25 14:35:42 --> Call to undefined method app\Models\UsersModel::inset
#0 /home/admin/web/matichouse.ml/public_html/application/app/Controllers/Users.php(13): CodeIgniter\Model->__call('inset', Array)
#1 /home/admin/web/matichouse.ml/public_html/application/system/CodeIgniter.php(918): App\Controllers\Users->index()
#2 /home/admin/web/matichouse.ml/public_html/application/system/CodeIgniter.php(404): CodeIgniter\CodeIgniter->runController(Object(App\Controllers\Users))
#3 /home/admin/web/matichouse.ml/public_html/application/system/CodeIgniter.php(312): CodeIgniter\CodeIgniter->handleRequest(NULL, Object(Config\Cache), false)
#4 /home/admin/web/matichouse.ml/public_html/application/index.php(45): CodeIgniter\CodeIgniter->run()
#5 {main}
CRITICAL - 2020-09-25 14:37:04 --> Call to undefined method app\Models\UsersModel::inset
#0 /home/admin/web/matichouse.ml/public_html/application/app/Controllers/Users.php(13): CodeIgniter\Model->__call('inset', Array)
#1 /home/admin/web/matichouse.ml/public_html/application/system/CodeIgniter.php(918): App\Controllers\Users->index()
#2 /home/admin/web/matichouse.ml/public_html/application/system/CodeIgniter.php(404): CodeIgniter\CodeIgniter->runController(Object(App\Controllers\Users))
#3 /home/admin/web/matichouse.ml/public_html/application/system/CodeIgniter.php(312): CodeIgniter\CodeIgniter->handleRequest(NULL, Object(Config\Cache), false)
#4 /home/admin/web/matichouse.ml/public_html/application/index.php(45): CodeIgniter\CodeIgniter->run()
#5 {main}
CRITICAL - 2020-09-25 14:37:14 --> Call to undefined method app\Models\UsersModel::inset
#0 /home/admin/web/matichouse.ml/public_html/application/app/Controllers/Users.php(13): CodeIgniter\Model->__call('inset', Array)
#1 /home/admin/web/matichouse.ml/public_html/application/system/CodeIgniter.php(918): App\Controllers\Users->index()
#2 /home/admin/web/matichouse.ml/public_html/application/system/CodeIgniter.php(404): CodeIgniter\CodeIgniter->runController(Object(App\Controllers\Users))
#3 /home/admin/web/matichouse.ml/public_html/application/system/CodeIgniter.php(312): CodeIgniter\CodeIgniter->handleRequest(NULL, Object(Config\Cache), false)
#4 /home/admin/web/matichouse.ml/public_html/application/index.php(45): CodeIgniter\CodeIgniter->run()
#5 {main}
CRITICAL - 2020-09-25 14:37:17 --> Call to undefined method app\Models\UsersModel::inset
#0 /home/admin/web/matichouse.ml/public_html/application/app/Controllers/Users.php(13): CodeIgniter\Model->__call('inset', Array)
#1 /home/admin/web/matichouse.ml/public_html/application/system/CodeIgniter.php(918): App\Controllers\Users->index()
#2 /home/admin/web/matichouse.ml/public_html/application/system/CodeIgniter.php(404): CodeIgniter\CodeIgniter->runController(Object(App\Controllers\Users))
#3 /home/admin/web/matichouse.ml/public_html/application/system/CodeIgniter.php(312): CodeIgniter\CodeIgniter->handleRequest(NULL, Object(Config\Cache), false)
#4 /home/admin/web/matichouse.ml/public_html/application/index.php(45): CodeIgniter\CodeIgniter->run()
#5 {main}
CRITICAL - 2020-09-25 14:38:00 --> Unable to connect to the database.
#0 /home/admin/web/matichouse.ml/public_html/application/system/Database/BaseConnection.php(646): CodeIgniter\Database\BaseConnection->initialize()
#1 /home/admin/web/matichouse.ml/public_html/application/system/Database/BaseBuilder.php(2249): CodeIgniter\Database\BaseConnection->query('INSERT INTO `us...', Array, false)
#2 /home/admin/web/matichouse.ml/public_html/application/system/Model.php(755): CodeIgniter\Database\BaseBuilder->insert()
#3 /home/admin/web/matichouse.ml/public_html/application/app/Controllers/Users.php(13): CodeIgniter\Model->insert(Array)
#4 /home/admin/web/matichouse.ml/public_html/application/system/CodeIgniter.php(918): App\Controllers\Users->index()
#5 /home/admin/web/matichouse.ml/public_html/application/system/CodeIgniter.php(404): CodeIgniter\CodeIgniter->runController(Object(App\Controllers\Users))
#6 /home/admin/web/matichouse.ml/public_html/application/system/CodeIgniter.php(312): CodeIgniter\CodeIgniter->handleRequest(NULL, Object(Config\Cache), false)
#7 /home/admin/web/matichouse.ml/public_html/application/index.php(45): CodeIgniter\CodeIgniter->run()
#8 {main}
CRITICAL - 2020-09-25 14:41:17 --> Unable to connect to the database.
#0 /home/admin/web/matichouse.ml/public_html/application/system/Database/BaseConnection.php(646): CodeIgniter\Database\BaseConnection->initialize()
#1 /home/admin/web/matichouse.ml/public_html/application/system/Database/BaseBuilder.php(2249): CodeIgniter\Database\BaseConnection->query('INSERT INTO `us...', Array, false)
#2 /home/admin/web/matichouse.ml/public_html/application/system/Model.php(755): CodeIgniter\Database\BaseBuilder->insert()
#3 /home/admin/web/matichouse.ml/public_html/application/app/Controllers/Users.php(13): CodeIgniter\Model->insert(Array)
#4 /home/admin/web/matichouse.ml/public_html/application/system/CodeIgniter.php(918): App\Controllers\Users->index()
#5 /home/admin/web/matichouse.ml/public_html/application/system/CodeIgniter.php(404): CodeIgniter\CodeIgniter->runController(Object(App\Controllers\Users))
#6 /home/admin/web/matichouse.ml/public_html/application/system/CodeIgniter.php(312): CodeIgniter\CodeIgniter->handleRequest(NULL, Object(Config\Cache), false)
#7 /home/admin/web/matichouse.ml/public_html/application/index.php(45): CodeIgniter\CodeIgniter->run()
#8 {main}
CRITICAL - 2020-09-25 14:46:28 --> Unable to connect to the database.
#0 /home/admin/web/matichouse.ml/public_html/application/system/Database/BaseConnection.php(646): CodeIgniter\Database\BaseConnection->initialize()
#1 /home/admin/web/matichouse.ml/public_html/application/system/Database/BaseBuilder.php(2249): CodeIgniter\Database\BaseConnection->query('INSERT INTO `us...', Array, false)
#2 /home/admin/web/matichouse.ml/public_html/application/system/Model.php(755): CodeIgniter\Database\BaseBuilder->insert()
#3 /home/admin/web/matichouse.ml/public_html/application/app/Controllers/Users.php(13): CodeIgniter\Model->insert(Array)
#4 /home/admin/web/matichouse.ml/public_html/application/system/CodeIgniter.php(918): App\Controllers\Users->index()
#5 /home/admin/web/matichouse.ml/public_html/application/system/CodeIgniter.php(404): CodeIgniter\CodeIgniter->runController(Object(App\Controllers\Users))
#6 /home/admin/web/matichouse.ml/public_html/application/system/CodeIgniter.php(312): CodeIgniter\CodeIgniter->handleRequest(NULL, Object(Config\Cache), false)
#7 /home/admin/web/matichouse.ml/public_html/application/index.php(45): CodeIgniter\CodeIgniter->run()
#8 {main}
